<?xml version="1.0" encoding="UTF-8"?>
<!-- Generated by org.testng.reporters.JUnitReportReporter -->
<testsuite hostname="LAPTOP-CURMODMT" failures="0" tests="4" name="org.sample.Testngpriority" time="7.584" errors="0" timestamp="2022-11-04T23:34:16 IST" skipped="0">
  <testcase classname="org.sample.Testngpriority" name="tc1" time="5.075"/>
  <system-out/>
  <testcase classname="org.sample.Testngpriority" name="tc2" time="2.136"/>
  <system-out/>
  <testcase classname="org.sample.Testngpriority" name="tc3" time="0.134"/>
  <system-out/>
  <testcase classname="org.sample.Testngpriority" name="tc4" time="0.239"/>
  <system-out/>
</testsuite> <!-- org.sample.Testngpriority -->
