<?xml version="1.0" encoding="UTF-8"?>
<!-- Generated by org.testng.reporters.JUnitReportReporter -->
<testsuite hostname="LAPTOP-CURMODMT" failures="0" tests="4" name="org.utilityclass.B" time="5.974" errors="0" timestamp="2021-10-26T12:33:56 IST" skipped="1">
  <testcase classname="org.utilityclass.B" name="bm1" time="2.575"/>
  <system-out/>
  <testcase classname="org.utilityclass.B" name="bm1" time="3.069"/>
  <system-out/>
  <testcase classname="org.utilityclass.B" name="bm3" time="0.330"/>
  <system-out/>
  <testcase classname="org.utilityclass.B" name="bm2">
    <skipped/>
  </testcase> <!-- bm2 -->
  <system-out/>
</testsuite> <!-- org.utilityclass.B -->
