<?xml version="1.0" encoding="UTF-8"?>
<!-- Generated by org.testng.reporters.JUnitReportReporter -->
<testsuite hostname="LAPTOP-CURMODMT" failures="0" tests="2" name="org.utilityclass.C" time="7.887" errors="0" timestamp="2021-10-26T12:33:56 IST" skipped="0">
  <testcase classname="org.utilityclass.C" name="cm1" time="7.811"/>
  <system-out/>
  <testcase classname="org.utilityclass.C" name="cm2" time="0.076"/>
  <system-out/>
</testsuite> <!-- org.utilityclass.C -->
