<?xml version="1.0" encoding="UTF-8"?>
<!-- Generated by org.testng.reporters.JUnitReportReporter -->
<testsuite hostname="LAPTOP-CURMODMT" failures="0" tests="1" name="org.sample.Testng" time="0.277" errors="0" timestamp="2022-11-04T23:32:40 IST" skipped="0">
  <testcase classname="org.sample.Testng" name="m2" time="0.277"/>
  <system-out/>
</testsuite> <!-- org.sample.Testng -->
