<?xml version="1.0" encoding="UTF-8"?>
<!-- Generated by org.testng.reporters.JUnitReportReporter -->
<testsuite hostname="LAPTOP-CURMODMT" failures="0" tests="2" name="org.utilityclass.A" time="7.020" errors="0" timestamp="2021-10-27T12:31:38 IST" skipped="0">
  <testcase classname="org.utilityclass.A" name="am1" time="6.864"/>
  <system-out/>
  <testcase classname="org.utilityclass.A" name="am2" time="0.156"/>
  <system-out/>
</testsuite> <!-- org.utilityclass.A -->
